2026-06-23 23:25:54 - root - INFO - 
Logging configurado
2026-06-23 23:26:44 - root - INFO - 
Logging configurado
2026-06-23 23:26:44 - __main__ - INFO - 
Obtido o app name: Analise de Fraude
2026-06-23 23:26:51 - pipeline.pipeline - INFO - 
Pipeline iniciado

2026-06-23 23:26:51 - pipeline.pipeline - INFO - Abrindo o DataFrame de Pagamentos
2026-06-23 23:26:55 - pipeline.pipeline - INFO - 
Abrindo o DataFrame de Pedidos
2026-06-23 23:26:56 - root - ERROR - FALHA CRÍTICA NA PIPELINE: name 'AnalysisException' is not defined
2026-06-23 23:26:56 - root - INFO - 
Sessão Spark Finalizada.
2026-06-23 23:26:56 - py4j.clientserver - INFO - Closing down clientserver connection
2026-06-23 23:27:35 - root - INFO - 
Logging configurado
2026-06-23 23:27:35 - __main__ - INFO - 
Obtido o app name: Analise de Fraude
2026-06-23 23:27:42 - pipeline.pipeline - INFO - 
Pipeline iniciado

2026-06-23 23:27:42 - pipeline.pipeline - INFO - Abrindo o DataFrame de Pagamentos
2026-06-23 23:27:46 - pipeline.pipeline - INFO - 
Abrindo o DataFrame de Pedidos
2026-06-23 23:27:47 - pipeline.pipeline - INFO - 
Renaming das colunas do DataFrame de Pedidos
2026-06-23 23:27:47 - pipeline.pipeline - INFO - 
Adicionando a coluna 'valor_total' no DataFrame de Pedidos

2026-06-23 23:27:47 - pipeline.pipeline - INFO - 
Gerando o DataFrame final
2026-06-23 23:27:51 - pipeline.pipeline - INFO - 
Escrevendo o relatorio em parquet
2026-06-23 23:27:55 - pipeline.pipeline - INFO - 
Pipeline concluída com sucesso!
2026-06-23 23:27:56 - root - INFO - 
Sessão Spark Finalizada.
2026-06-23 23:27:56 - py4j.clientserver - INFO - Closing down clientserver connection
